----------------------------------------------------------------
Sat Sep 03 09:18:02 EET 2022:
Booting Derby version The Apache Software Foundation - Apache Derby - 10.12.1.1 - (1704137): instance a816c00e-0183-01ff-c4d1-00000da489a0 
on database directory memory:D:\WorkSpace\Play_Ground\projects\spring-boot-rest-api-sample\restaurants with class loader sun.misc.Launcher$AppClassLoader@330bedb4 
Loaded from file:/C:/Users/User/.m2/repository/org/apache/derby/derby/10.12.1.1/derby-10.12.1.1.jar
java.vendor=Oracle Corporation
java.runtime.version=1.8.0_241-b07
user.dir=D:\WorkSpace\Play_Ground\projects\spring-boot-rest-api-sample
os.name=Windows 10
os.arch=amd64
os.version=10.0
derby.system.home=null
Database Class Loader started - derby.database.classpath=''
Sat Sep 03 09:18:09 EET 2022 Thread[Thread-3,5,main] (XID = 371), (SESSIONID = 19), (DATABASE = memory:restaurants), (DRDAID = null), Cleanup action starting
Sat Sep 03 09:18:09 EET 2022 Thread[Thread-3,5,main] (XID = 371), (SESSIONID = 19), (DATABASE = memory:restaurants), (DRDAID = null), Failed Statement is: alter table pizza drop constraint FK80lcyw53o02g4rinjsh2qgqtv
java.lang.NullPointerException
	at org.apache.derby.impl.sql.execute.AlterTableConstantAction.executeConstantActionBody(Unknown Source)
	at org.apache.derby.impl.sql.execute.AlterTableConstantAction.executeConstantAction(Unknown Source)
	at org.apache.derby.impl.sql.execute.MiscResultSet.open(Unknown Source)
	at org.apache.derby.impl.sql.GenericPreparedStatement.executeStmt(Unknown Source)
	at org.apache.derby.impl.sql.GenericPreparedStatement.execute(Unknown Source)
	at org.apache.derby.impl.jdbc.EmbedStatement.executeStatement(Unknown Source)
	at org.apache.derby.impl.jdbc.EmbedStatement.execute(Unknown Source)
	at org.apache.derby.impl.jdbc.EmbedStatement.executeLargeUpdate(Unknown Source)
	at org.apache.derby.impl.jdbc.EmbedStatement.executeUpdate(Unknown Source)
	at org.hibernate.tool.hbm2ddl.DatabaseExporter.export(DatabaseExporter.java:47)
	at org.hibernate.tool.hbm2ddl.SchemaExport.perform(SchemaExport.java:477)
	at org.hibernate.tool.hbm2ddl.SchemaExport.execute(SchemaExport.java:430)
	at org.hibernate.tool.hbm2ddl.SchemaExport.drop(SchemaExport.java:375)
	at org.hibernate.tool.hbm2ddl.SchemaExport.drop(SchemaExport.java:371)
	at org.hibernate.internal.SessionFactoryImpl.close(SessionFactoryImpl.java:1081)
	at org.hibernate.jpa.internal.EntityManagerFactoryImpl.close(EntityManagerFactoryImpl.java:347)
	at sun.reflect.NativeMethodAccessorImpl.invoke0(Native Method)
	at sun.reflect.NativeMethodAccessorImpl.invoke(NativeMethodAccessorImpl.java:62)
	at sun.reflect.DelegatingMethodAccessorImpl.invoke(DelegatingMethodAccessorImpl.java:43)
	at java.lang.reflect.Method.invoke(Method.java:498)
	at org.springframework.orm.jpa.AbstractEntityManagerFactoryBean.invokeProxyMethod(AbstractEntityManagerFactoryBean.java:462)
	at org.springframework.orm.jpa.AbstractEntityManagerFactoryBean$ManagedEntityManagerFactoryInvocationHandler.invoke(AbstractEntityManagerFactoryBean.java:633)
	at com.sun.proxy.$Proxy92.close(Unknown Source)
	at org.springframework.orm.jpa.AbstractEntityManagerFactoryBean.destroy(AbstractEntityManagerFactoryBean.java:553)
	at org.springframework.beans.factory.support.DisposableBeanAdapter.destroy(DisposableBeanAdapter.java:272)
	at org.springframework.beans.factory.support.DefaultSingletonBeanRegistry.destroyBean(DefaultSingletonBeanRegistry.java:578)
	at org.springframework.beans.factory.support.DefaultSingletonBeanRegistry.destroySingleton(DefaultSingletonBeanRegistry.java:554)
	at org.springframework.beans.factory.support.DefaultListableBeanFactory.destroySingleton(DefaultListableBeanFactory.java:959)
	at org.springframework.beans.factory.support.DefaultSingletonBeanRegistry.destroySingletons(DefaultSingletonBeanRegistry.java:523)
	at org.springframework.beans.factory.support.DefaultListableBeanFactory.destroySingletons(DefaultListableBeanFactory.java:966)
	at org.springframework.context.support.AbstractApplicationContext.destroyBeans(AbstractApplicationContext.java:1033)
	at org.springframework.context.support.AbstractApplicationContext.doClose(AbstractApplicationContext.java:1009)
	at org.springframework.context.support.AbstractApplicationContext$2.run(AbstractApplicationContext.java:928)
Cleanup action completed
